  [1m[36m (129.2ms)[0m  [1mCREATE TABLE "schema_migrations" ("version" varchar NOT NULL) [0m
  [1m[35m (1.0ms)[0m  select sqlite_version(*)
  [1m[36m (114.0ms)[0m  [1mCREATE UNIQUE INDEX "unique_schema_migrations" ON "schema_migrations" ("version")[0m
  [1m[35mActiveRecord::SchemaMigration Load (1.0ms)[0m  SELECT "schema_migrations".* FROM "schema_migrations"
Migrating to CreateEmployees (20181218230909)
  [1m[36m (0.0ms)[0m  [1mbegin transaction[0m
  [1m[35m (1.6ms)[0m  CREATE TABLE "employees" ("id" INTEGER PRIMARY KEY AUTOINCREMENT NOT NULL, "emp_num" varchar, "name" varchar, "address" varchar, "phone" varchar, "email" varchar, "dept_num" varchar, "dept_name" varchar, "created_at" datetime NOT NULL, "updated_at" datetime NOT NULL) 
  [1m[36mSQL (1.0ms)[0m  [1mINSERT INTO "schema_migrations" ("version") VALUES (?)[0m  [["version", "20181218230909"]]
  [1m[35m (177.4ms)[0m  commit transaction
Migrating to CreateDepts (20181218231021)
  [1m[36m (0.0ms)[0m  [1mbegin transaction[0m
  [1m[35m (54.5ms)[0m  CREATE TABLE "depts" ("id" INTEGER PRIMARY KEY AUTOINCREMENT NOT NULL, "department" varchar, "dept_num" varchar, "dept_name" varchar, "created_at" datetime NOT NULL, "updated_at" datetime NOT NULL) 
  [1m[36mSQL (0.0ms)[0m  [1mINSERT INTO "schema_migrations" ("version") VALUES (?)[0m  [["version", "20181218231021"]]
  [1m[35m (327.2ms)[0m  commit transaction
  [1m[36mActiveRecord::SchemaMigration Load (1.0ms)[0m  [1mSELECT "schema_migrations".* FROM "schema_migrations"[0m
  [1m[36mActiveRecord::SchemaMigration Load (0.0ms)[0m  [1mSELECT "schema_migrations".* FROM "schema_migrations"[0m
  [1m[36mActiveRecord::SchemaMigration Load (1.0ms)[0m  [1mSELECT "schema_migrations".* FROM "schema_migrations"[0m


Started GET "/" for ::1 at 2018-12-18 16:07:47 -0800
  [1m[36mActiveRecord::SchemaMigration Load (0.0ms)[0m  [1mSELECT "schema_migrations".* FROM "schema_migrations"[0m
Processing by Rails::WelcomeController#index as HTML
  Rendered C:/RailsInstaller/Ruby2.1.0/lib/ruby/gems/2.1.0/gems/railties-4.2.4/lib/rails/templates/rails/welcome/index.html.erb (30.7ms)
Completed 200 OK in 202ms (Views: 141.3ms | ActiveRecord: 0.0ms)


Started GET "/" for ::1 at 2018-12-18 16:34:12 -0800
  [1m[36mActiveRecord::SchemaMigration Load (1.0ms)[0m  [1mSELECT "schema_migrations".* FROM "schema_migrations"[0m
Processing by Rails::WelcomeController#index as HTML
  Rendered C:/RailsInstaller/Ruby2.1.0/lib/ruby/gems/2.1.0/gems/railties-4.2.4/lib/rails/templates/rails/welcome/index.html.erb (4.0ms)
Completed 200 OK in 48ms (Views: 23.0ms | ActiveRecord: 0.0ms)


Started GET "/rails/info/properties" for ::1 at 2018-12-18 16:34:23 -0800
Processing by Rails::InfoController#properties as */*
  [1m[35mActiveRecord::SchemaMigration Load (0.0ms)[0m  SELECT "schema_migrations".* FROM "schema_migrations"
  Rendered C:/RailsInstaller/Ruby2.1.0/lib/ruby/gems/2.1.0/gems/railties-4.2.4/lib/rails/templates/rails/info/properties.html.erb (0.0ms)
Completed 200 OK in 84ms (Views: 42.0ms | ActiveRecord: 1.0ms)
